<?xml version="1.0" encoding="UTF-8"?>
<!-- Generated by org.testng.reporters.JUnitXMLReporter -->
<testsuite hostname="viswas-PC" tests="1" failures="1" timestamp="22 Aug 2016 09:17:10 GMT" time="32.353" errors="0">
  <testcase name="Test_Homepage" time="11.586" classname="LinkdinWithValid">
    <failure type="org.openqa.selenium.NoSuchWindowException" message="Window not found. The browser window may have been closed.
Command duration or timeout: 102 milliseconds
Build info: version: &amp;apos;2.53.0&amp;apos;, revision: &amp;apos;35ae25b&amp;apos;, time: &amp;apos;2016-03-15 17:00:58&amp;apos;
System info: host: &amp;apos;viswas-PC&amp;apos;, ip: &amp;apos;192.168.0.39&amp;apos;, os.name: &amp;apos;Windows 7&amp;apos;, os.arch: &amp;apos;amd64&amp;apos;, os.version: &amp;apos;6.1&amp;apos;, java.version: &amp;apos;1.8.0_91&amp;apos;
Driver info: org.openqa.selenium.firefox.FirefoxDriver
Capabilities [{applicationCacheEnabled=true, rotatable=false, handlesAlerts=true, databaseEnabled=true, version=41.0.2, platform=WINDOWS, nativeEvents=false, acceptSslCerts=true, webStorageEnabled=true, locationContextEnabled=true, browserName=firefox, takesScreenshot=true, javascriptEnabled=true, cssSelectorsEnabled=true}]
Session ID: 9ef245f2-6028-4122-b909-81431926da85
*** Element info: {Using=id, value=login-password}">
      <![CDATA[org.openqa.selenium.NoSuchWindowException: Window not found. The browser window may have been closed.
Command duration or timeout: 102 milliseconds
Build info: version: '2.53.0', revision: '35ae25b', time: '2016-03-15 17:00:58'
System info: host: 'viswas-PC', ip: '192.168.0.39', os.name: 'Windows 7', os.arch: 'amd64', os.version: '6.1', java.version: '1.8.0_91'
Driver info: org.openqa.selenium.firefox.FirefoxDriver
Capabilities [{applicationCacheEnabled=true, rotatable=false, handlesAlerts=true, databaseEnabled=true, version=41.0.2, platform=WINDOWS, nativeEvents=false, acceptSslCerts=true, webStorageEnabled=true, locationContextEnabled=true, browserName=firefox, takesScreenshot=true, javascriptEnabled=true, cssSelectorsEnabled=true}]
Session ID: 9ef245f2-6028-4122-b909-81431926da85
*** Element info: {Using=id, value=login-password}
	at org.openqa.selenium.remote.ErrorHandler.createThrowable(ErrorHandler.java:206)
	at org.openqa.selenium.remote.ErrorHandler.throwIfResponseFailed(ErrorHandler.java:158)
	at org.openqa.selenium.remote.RemoteWebDriver.execute(RemoteWebDriver.java:678)
	at org.openqa.selenium.remote.RemoteWebDriver.findElement(RemoteWebDriver.java:363)
	at org.openqa.selenium.remote.RemoteWebDriver.findElementById(RemoteWebDriver.java:413)
	at org.openqa.selenium.By$ById.findElement(By.java:218)
	at org.openqa.selenium.remote.RemoteWebDriver.findElement(RemoteWebDriver.java:355)
	at LLogin.SetPassword(LLogin.java:23)
	at LLogin.LoginToLinkdin(LLogin.java:33)
	at LLogin.LoginToLinkdin(LLogin.java:34)
	at LLogin.LoginToLinkdin(LLogin.java:34)
	at LLogin.LoginToLinkdin(LLogin.java:34)
	at LLogin.LoginToLinkdin(LLogin.java:34)
	at LLogin.LoginToLinkdin(LLogin.java:34)
	at LLogin.LoginToLinkdin(LLogin.java:34)
	at LLogin.LoginToLinkdin(LLogin.java:34)
	at LLogin.LoginToLinkdin(LLogin.java:34)
	at LLogin.LoginToLinkdin(LLogin.java:34)
	at LLogin.LoginToLinkdin(LLogin.java:34)
	at LLogin.LoginToLinkdin(LLogin.java:34)
	at LLogin.LoginToLinkdin(LLogin.java:34)
	at LLogin.LoginToLinkdin(LLogin.java:34)
	at LLogin.LoginToLinkdin(LLogin.java:34)
	at LLogin.LoginToLinkdin(LLogin.java:34)
	at LLogin.LoginToLinkdin(LLogin.java:34)
	at LLogin.LoginToLinkdin(LLogin.java:34)
	at LLogin.LoginToLinkdin(LLogin.java:34)
	at LLogin.LoginToLinkdin(LLogin.java:34)
	at LLogin.LoginToLinkdin(LLogin.java:34)
	at LLogin.LoginToLinkdin(LLogin.java:34)
	at LLogin.LoginToLinkdin(LLogin.java:34)
	at LLogin.LoginToLinkdin(LLogin.java:34)
	at LLogin.LoginToLinkdin(LLogin.java:34)
	at LLogin.LoginToLinkdin(LLogin.java:34)
	at LLogin.LoginToLinkdin(LLogin.java:34)
	at LLogin.LoginToLinkdin(LLogin.java:34)
	at LLogin.LoginToLinkdin(LLogin.java:34)
	at LLogin.LoginToLinkdin(LLogin.java:34)
	at LLogin.LoginToLinkdin(LLogin.java:34)
	at LLogin.LoginToLinkdin(LLogin.java:34)
	at LLogin.LoginToLinkdin(LLogin.java:34)
	at LLogin.LoginToLinkdin(LLogin.java:34)
	at LLogin.LoginToLinkdin(LLogin.java:34)
	at LLogin.LoginToLinkdin(LLogin.java:34)
	at LLogin.LoginToLinkdin(LLogin.java:34)
	at LLogin.LoginToLinkdin(LLogin.java:34)
	at LLogin.LoginToLinkdin(LLogin.java:34)
	at LLogin.LoginToLinkdin(LLogin.java:34)
	at LLogin.LoginToLinkdin(LLogin.java:34)
	at LLogin.LoginToLinkdin(LLogin.java:34)
	at LinkdinWithValid.Test_Homepage(LinkdinWithValid.java:27)
Caused by: org.openqa.selenium.NoSuchWindowException: Window not found. The browser window may have been closed.
Build info: version: '2.53.0', revision: '35ae25b', time: '2016-03-15 17:00:58'
System info: host: 'viswas-PC', ip: '192.168.0.39', os.name: 'Windows 7', os.arch: 'amd64', os.version: '6.1', java.version: '1.8.0_91'
Driver info: driver.version: unknown
	at <anonymous class>.nsCommandProcessor.prototype.execute(file:///C:/Users/chaitu/AppData/Local/Temp/anonymous3265973101651343029webdriver-profile/extensions/fxdriver@googlecode.com/components/command-processor.js:12715)
	at <anonymous class>.Dispatcher.executeAs/<(file:///C:/Users/chaitu/AppData/Local/Temp/anonymous3265973101651343029webdriver-profile/extensions/fxdriver@googlecode.com/components/driver-component.js:9558)
	at <anonymous class>.Resource.prototype.handle(file:///C:/Users/chaitu/AppData/Local/Temp/anonymous3265973101651343029webdriver-profile/extensions/fxdriver@googlecode.com/components/driver-component.js:9705)
	at <anonymous class>.Dispatcher.prototype.dispatch(file:///C:/Users/chaitu/AppData/Local/Temp/anonymous3265973101651343029webdriver-profile/extensions/fxdriver@googlecode.com/components/driver-component.js:9652)
	at <anonymous class>.WebDriverServer/<.handle(file:///C:/Users/chaitu/AppData/Local/Temp/anonymous3265973101651343029webdriver-profile/extensions/fxdriver@googlecode.com/components/driver-component.js:12517)
	at <anonymous class>.createHandlerFunc/<(file:///C:/Users/chaitu/AppData/Local/Temp/anonymous3265973101651343029webdriver-profile/extensions/fxdriver@googlecode.com/components/httpd.js:2054)
	at <anonymous class>.ServerHandler.prototype.handleResponse(file:///C:/Users/chaitu/AppData/Local/Temp/anonymous3265973101651343029webdriver-profile/extensions/fxdriver@googlecode.com/components/httpd.js:2387)
	at <anonymous class>.Connection.prototype.process(file:///C:/Users/chaitu/AppData/Local/Temp/anonymous3265973101651343029webdriver-profile/extensions/fxdriver@googlecode.com/components/httpd.js:1223)
	at <anonymous class>.RequestReader.prototype._handleResponse(file:///C:/Users/chaitu/AppData/Local/Temp/anonymous3265973101651343029webdriver-profile/extensions/fxdriver@googlecode.com/components/httpd.js:1677)
	at <anonymous class>.RequestReader.prototype._processBody(file:///C:/Users/chaitu/AppData/Local/Temp/anonymous3265973101651343029webdriver-profile/extensions/fxdriver@googlecode.com/components/httpd.js:1525)
	at <anonymous class>.RequestReader.prototype.onInputStreamReady(file:///C:/Users/chaitu/AppData/Local/Temp/anonymous3265973101651343029webdriver-profile/extensions/fxdriver@googlecode.com/components/httpd.js:1393)
... Removed 28 stack frames]]>
    </failure>
  </testcase> <!-- Test_Homepage -->
</testsuite>
